<?xml version="1.0" encoding="UTF-8"?>
<!-- Generated by org.testng.reporters.JUnitXMLReporter -->
<testsuite ignored="3" hostname="LAPTOP-6NVEMP0C" failures="11" tests="12" name="ValidAccount" time="55.125" errors="0" timestamp="29 jul. 2022 13:04:35 GMT">
  <testcase classname="tests.CreateAccountTest" name="invalidAccount" time="45.671"/>
  <testcase classname="tests.CreateAccountTest" name="invalidAccount" time="0.06">
    <failure type="java.lang.IllegalArgumentException" message="Keys to send should be a not null CharSequence">
      <![CDATA[java.lang.IllegalArgumentException: Keys to send should be a not null CharSequence
	at org.openqa.selenium.remote.RemoteWebElement.sendKeys(RemoteWebElement.java:100)
	at org.openqa.selenium.support.pagefactory.internal.LocatingElementHandler.invoke(LocatingElementHandler.java:52)
	at com.sun.proxy.$Proxy20.sendKeys(Unknown Source)
	at pages.Base.sendkeys(Base.java:49)
	at pages.SignInPage.createAccount(SignInPage.java:49)
	at tests.CreateAccountTest.invalidAccount(CreateAccountTest.java:125)
... Removed 29 stack frames]]>
    </failure>
  </testcase> <!-- invalidAccount -->
  <testcase classname="tests.CreateAccountTest" name="invalidAccount" time="0.073">
    <failure type="java.lang.IllegalArgumentException" message="Keys to send should be a not null CharSequence">
      <![CDATA[java.lang.IllegalArgumentException: Keys to send should be a not null CharSequence
	at org.openqa.selenium.remote.RemoteWebElement.sendKeys(RemoteWebElement.java:100)
	at org.openqa.selenium.support.pagefactory.internal.LocatingElementHandler.invoke(LocatingElementHandler.java:52)
	at com.sun.proxy.$Proxy20.sendKeys(Unknown Source)
	at pages.Base.sendkeys(Base.java:49)
	at pages.SignInPage.createAccount(SignInPage.java:49)
	at tests.CreateAccountTest.invalidAccount(CreateAccountTest.java:125)
... Removed 29 stack frames]]>
    </failure>
  </testcase> <!-- invalidAccount -->
  <testcase classname="tests.CreateAccountTest" name="invalidAccount" time="0.05">
    <failure type="java.lang.IllegalArgumentException" message="Keys to send should be a not null CharSequence">
      <![CDATA[java.lang.IllegalArgumentException: Keys to send should be a not null CharSequence
	at org.openqa.selenium.remote.RemoteWebElement.sendKeys(RemoteWebElement.java:100)
	at org.openqa.selenium.support.pagefactory.internal.LocatingElementHandler.invoke(LocatingElementHandler.java:52)
	at com.sun.proxy.$Proxy20.sendKeys(Unknown Source)
	at pages.Base.sendkeys(Base.java:49)
	at pages.SignInPage.createAccount(SignInPage.java:49)
	at tests.CreateAccountTest.invalidAccount(CreateAccountTest.java:125)
... Removed 29 stack frames]]>
    </failure>
  </testcase> <!-- invalidAccount -->
  <testcase classname="tests.CreateAccountTest" name="invalidAccount" time="0.028">
    <failure type="java.lang.IllegalArgumentException" message="Keys to send should be a not null CharSequence">
      <![CDATA[java.lang.IllegalArgumentException: Keys to send should be a not null CharSequence
	at org.openqa.selenium.remote.RemoteWebElement.sendKeys(RemoteWebElement.java:100)
	at org.openqa.selenium.support.pagefactory.internal.LocatingElementHandler.invoke(LocatingElementHandler.java:52)
	at com.sun.proxy.$Proxy20.sendKeys(Unknown Source)
	at pages.Base.sendkeys(Base.java:49)
	at pages.SignInPage.createAccount(SignInPage.java:49)
	at tests.CreateAccountTest.invalidAccount(CreateAccountTest.java:125)
... Removed 29 stack frames]]>
    </failure>
  </testcase> <!-- invalidAccount -->
  <testcase classname="tests.CreateAccountTest" name="invalidAccount" time="0.303">
    <failure type="java.lang.IllegalArgumentException" message="Keys to send should be a not null CharSequence">
      <![CDATA[java.lang.IllegalArgumentException: Keys to send should be a not null CharSequence
	at org.openqa.selenium.remote.RemoteWebElement.sendKeys(RemoteWebElement.java:100)
	at org.openqa.selenium.support.pagefactory.internal.LocatingElementHandler.invoke(LocatingElementHandler.java:52)
	at com.sun.proxy.$Proxy20.sendKeys(Unknown Source)
	at pages.Base.sendkeys(Base.java:49)
	at pages.SignInPage.createAccount(SignInPage.java:49)
	at tests.CreateAccountTest.invalidAccount(CreateAccountTest.java:125)
... Removed 29 stack frames]]>
    </failure>
  </testcase> <!-- invalidAccount -->
  <testcase classname="tests.CreateAccountTest" name="invalidAccount" time="0.308">
    <failure type="java.lang.IllegalArgumentException" message="Keys to send should be a not null CharSequence">
      <![CDATA[java.lang.IllegalArgumentException: Keys to send should be a not null CharSequence
	at org.openqa.selenium.remote.RemoteWebElement.sendKeys(RemoteWebElement.java:100)
	at org.openqa.selenium.support.pagefactory.internal.LocatingElementHandler.invoke(LocatingElementHandler.java:52)
	at com.sun.proxy.$Proxy20.sendKeys(Unknown Source)
	at pages.Base.sendkeys(Base.java:49)
	at pages.SignInPage.createAccount(SignInPage.java:49)
	at tests.CreateAccountTest.invalidAccount(CreateAccountTest.java:125)
... Removed 28 stack frames]]>
    </failure>
  </testcase> <!-- invalidAccount -->
  <testcase classname="tests.CreateAccountTest" name="invalidAccount" time="0.194">
    <failure type="java.lang.IllegalArgumentException" message="Keys to send should be a not null CharSequence">
      <![CDATA[java.lang.IllegalArgumentException: Keys to send should be a not null CharSequence
	at org.openqa.selenium.remote.RemoteWebElement.sendKeys(RemoteWebElement.java:100)
	at org.openqa.selenium.support.pagefactory.internal.LocatingElementHandler.invoke(LocatingElementHandler.java:52)
	at com.sun.proxy.$Proxy20.sendKeys(Unknown Source)
	at pages.Base.sendkeys(Base.java:49)
	at pages.SignInPage.createAccount(SignInPage.java:49)
	at tests.CreateAccountTest.invalidAccount(CreateAccountTest.java:125)
... Removed 28 stack frames]]>
    </failure>
  </testcase> <!-- invalidAccount -->
  <testcase classname="tests.CreateAccountTest" name="invalidAccount" time="0.221">
    <failure type="java.lang.IllegalArgumentException" message="Keys to send should be a not null CharSequence">
      <![CDATA[java.lang.IllegalArgumentException: Keys to send should be a not null CharSequence
	at org.openqa.selenium.remote.RemoteWebElement.sendKeys(RemoteWebElement.java:100)
	at org.openqa.selenium.support.pagefactory.internal.LocatingElementHandler.invoke(LocatingElementHandler.java:52)
	at com.sun.proxy.$Proxy20.sendKeys(Unknown Source)
	at pages.Base.sendkeys(Base.java:49)
	at pages.SignInPage.createAccount(SignInPage.java:49)
	at tests.CreateAccountTest.invalidAccount(CreateAccountTest.java:125)
... Removed 28 stack frames]]>
    </failure>
  </testcase> <!-- invalidAccount -->
  <testcase classname="tests.CreateAccountTest" name="invalidAccount" time="0.665">
    <failure type="java.lang.IllegalArgumentException" message="Keys to send should be a not null CharSequence">
      <![CDATA[java.lang.IllegalArgumentException: Keys to send should be a not null CharSequence
	at org.openqa.selenium.remote.RemoteWebElement.sendKeys(RemoteWebElement.java:100)
	at org.openqa.selenium.support.pagefactory.internal.LocatingElementHandler.invoke(LocatingElementHandler.java:52)
	at com.sun.proxy.$Proxy20.sendKeys(Unknown Source)
	at pages.Base.sendkeys(Base.java:49)
	at pages.SignInPage.createAccount(SignInPage.java:49)
	at tests.CreateAccountTest.invalidAccount(CreateAccountTest.java:125)
... Removed 28 stack frames]]>
    </failure>
  </testcase> <!-- invalidAccount -->
  <testcase classname="tests.CreateAccountTest" name="invalidAccount" time="0.56">
    <failure type="java.lang.IllegalArgumentException" message="Keys to send should be a not null CharSequence">
      <![CDATA[java.lang.IllegalArgumentException: Keys to send should be a not null CharSequence
	at org.openqa.selenium.remote.RemoteWebElement.sendKeys(RemoteWebElement.java:100)
	at org.openqa.selenium.support.pagefactory.internal.LocatingElementHandler.invoke(LocatingElementHandler.java:52)
	at com.sun.proxy.$Proxy20.sendKeys(Unknown Source)
	at pages.Base.sendkeys(Base.java:49)
	at pages.SignInPage.createAccount(SignInPage.java:49)
	at tests.CreateAccountTest.invalidAccount(CreateAccountTest.java:125)
... Removed 28 stack frames]]>
    </failure>
  </testcase> <!-- invalidAccount -->
  <testcase classname="tests.CreateAccountTest" name="invalidAccount" time="0.939">
    <failure type="java.lang.IllegalArgumentException" message="Keys to send should be a not null CharSequence">
      <![CDATA[java.lang.IllegalArgumentException: Keys to send should be a not null CharSequence
	at org.openqa.selenium.remote.RemoteWebElement.sendKeys(RemoteWebElement.java:100)
	at org.openqa.selenium.support.pagefactory.internal.LocatingElementHandler.invoke(LocatingElementHandler.java:52)
	at com.sun.proxy.$Proxy20.sendKeys(Unknown Source)
	at pages.Base.sendkeys(Base.java:49)
	at pages.SignInPage.createAccount(SignInPage.java:49)
	at tests.CreateAccountTest.invalidAccount(CreateAccountTest.java:125)
... Removed 28 stack frames]]>
    </failure>
  </testcase> <!-- invalidAccount -->
  <testcase classname="tests.CreateAccountTest" name="existAccountWithMail" time="0.0">
    <ignored/>
  </testcase> <!-- existAccountWithMail -->
  <testcase classname="tests.CreateAccountTest" name="invalidEmail" time="0.0">
    <ignored/>
  </testcase> <!-- invalidEmail -->
  <testcase classname="tests.CreateAccountTest" name="validAccount" time="0.0">
    <ignored/>
  </testcase> <!-- validAccount -->
</testsuite> <!-- ValidAccount -->
